<?xml version="1.0" encoding="UTF-8"?>
<!-- Generated by org.testng.reporters.JUnitXMLReporter -->
<testsuite ignored="0" hostname="MacBookPro114-aleksandralukic.local" failures="0" tests="4" name="Default test" time="1.79" errors="0" timestamp="09 Jul 2018 06:55:26 GMT">
  <testcase classname="adidas.GetWeatherAPITest" name="getWeaterForecast" time="1.251"/>
  <testcase classname="adidas.GetWeatherAPITest" name="getWeather" time="0.092"/>
  <testcase classname="adidas.GetWeatherAPITest" name="getWeatherDisplayed" time="0.33"/>
  <testcase classname="adidas.GetWeatherAPITest" name="testWeatherInBelgrade" time="0.089"/>
</testsuite> <!-- Default test -->
