<?xml version="1.0" encoding="UTF-8"?>
<testng-results ignored="0" total="4" passed="4" failed="0" skipped="0">
  <reporter-output>
  </reporter-output>
  <suite started-at="2018-07-09T06:55:25Z" name="Default suite" finished-at="2018-07-09T06:55:26Z" duration-ms="1790">
    <groups>
    </groups>
    <test started-at="2018-07-09T06:55:25Z" name="Default test" finished-at="2018-07-09T06:55:26Z" duration-ms="1790">
      <class name="adidas.GetWeatherAPITest">
        <test-method signature="getWeaterForecast()[pri:0, instance:adidas.GetWeatherAPITest@53aad5d5]" started-at="2018-07-09T06:55:25Z" name="getWeaterForecast" finished-at="2018-07-09T06:55:26Z" duration-ms="1251" status="PASS">
          <reporter-output>
          </reporter-output>
        </test-method> <!-- getWeaterForecast -->
        <test-method signature="getWeather()[pri:0, instance:adidas.GetWeatherAPITest@53aad5d5]" started-at="2018-07-09T06:55:26Z" name="getWeather" finished-at="2018-07-09T06:55:26Z" duration-ms="92" status="PASS">
          <reporter-output>
          </reporter-output>
        </test-method> <!-- getWeather -->
        <test-method signature="getWeatherDisplayed()[pri:0, instance:adidas.GetWeatherAPITest@53aad5d5]" started-at="2018-07-09T06:55:26Z" name="getWeatherDisplayed" finished-at="2018-07-09T06:55:26Z" duration-ms="330" status="PASS">
          <reporter-output>
          </reporter-output>
        </test-method> <!-- getWeatherDisplayed -->
        <test-method signature="testWeatherInBelgrade()[pri:0, instance:adidas.GetWeatherAPITest@53aad5d5]" started-at="2018-07-09T06:55:26Z" name="testWeatherInBelgrade" finished-at="2018-07-09T06:55:26Z" duration-ms="89" status="PASS">
          <reporter-output>
          </reporter-output>
        </test-method> <!-- testWeatherInBelgrade -->
      </class> <!-- adidas.GetWeatherAPITest -->
    </test> <!-- Default test -->
  </suite> <!-- Default suite -->
</testng-results>
